[15-Oct-2023 14:58:38 UTC] PHP Warning:  Attempt to read property "title" on null in /Users/wonderluck/Local Sites/planty/app/public/wp-includes/class-wp-customize-widgets.php on line 905
[15-Oct-2023 14:58:39 UTC] PHP Warning:  Undefined variable $qsid in /Users/wonderluck/Local Sites/planty/app/public/wp-content/plugins/child-theme-configurator/includes/classes/CSS.php on line 958
[15-Oct-2023 14:58:39 UTC] PHP Warning:  Undefined variable $qsid in /Users/wonderluck/Local Sites/planty/app/public/wp-content/plugins/child-theme-configurator/includes/classes/CSS.php on line 960
[15-Oct-2023 14:58:39 UTC] PHP Warning:  Undefined variable $qsid in /Users/wonderluck/Local Sites/planty/app/public/wp-content/plugins/child-theme-configurator/includes/classes/CSS.php on line 967
[15-Oct-2023 14:58:39 UTC] PHP Warning:  Undefined variable $qsid in /Users/wonderluck/Local Sites/planty/app/public/wp-content/plugins/child-theme-configurator/includes/classes/CSS.php on line 968
[15-Oct-2023 14:58:39 UTC] PHP Warning:  Undefined variable $qsid in /Users/wonderluck/Local Sites/planty/app/public/wp-content/plugins/child-theme-configurator/includes/classes/CSS.php on line 971
[23-Oct-2023 03:15:50 UTC] PHP Warning:  Une erreur imprévue est survenue. Il pourrait y avoir un problème avec WordPress.org ou la configuration de ce serveur. Si vous continuez à rencontrer ce problème, veuillez vous rendre sur les <a href="https://wpfr.net/support">forums de support</a>. (WordPress n’a pas pu établir de connexion sécurisée vers WordPress.org. Veuillez contacter l’administrateur ou l’administratrice de votre serveur.) in /Users/wonderluck/Local Sites/planty/app/public/wp-includes/update.php on line 211
[23-Oct-2023 03:15:50 UTC] PHP Warning:  Une erreur imprévue est survenue. Il pourrait y avoir un problème avec WordPress.org ou la configuration de ce serveur. Si vous continuez à rencontrer ce problème, veuillez vous rendre sur les <a href="https://wpfr.net/support">forums de support</a>. (WordPress n’a pas pu établir de connexion sécurisée vers WordPress.org. Veuillez contacter l’administrateur ou l’administratrice de votre serveur.) in /Users/wonderluck/Local Sites/planty/app/public/wp-includes/update.php on line 449
[23-Oct-2023 03:15:50 UTC] PHP Warning:  Une erreur imprévue est survenue. Il pourrait y avoir un problème avec WordPress.org ou la configuration de ce serveur. Si vous continuez à rencontrer ce problème, veuillez vous rendre sur les <a href="https://wpfr.net/support">forums de support</a>. (WordPress n’a pas pu établir de connexion sécurisée vers WordPress.org. Veuillez contacter l’administrateur ou l’administratrice de votre serveur.) in /Users/wonderluck/Local Sites/planty/app/public/wp-includes/update.php on line 730
[24-Oct-2023 07:55:31 UTC] PHP Warning:  Une erreur imprévue est survenue. Il pourrait y avoir un problème avec WordPress.org ou la configuration de ce serveur. Si vous continuez à rencontrer ce problème, veuillez vous rendre sur les <a href="https://wpfr.net/support">forums de support</a>. (WordPress n’a pas pu établir de connexion sécurisée vers WordPress.org. Veuillez contacter l’administrateur ou l’administratrice de votre serveur.) in /Users/wonderluck/Local Sites/planty/app/public/wp-includes/update.php on line 211
[24-Oct-2023 07:55:31 UTC] PHP Warning:  Une erreur imprévue est survenue. Il pourrait y avoir un problème avec WordPress.org ou la configuration de ce serveur. Si vous continuez à rencontrer ce problème, veuillez vous rendre sur les <a href="https://wpfr.net/support">forums de support</a>. (WordPress n’a pas pu établir de connexion sécurisée vers WordPress.org. Veuillez contacter l’administrateur ou l’administratrice de votre serveur.) in /Users/wonderluck/Local Sites/planty/app/public/wp-includes/update.php on line 449
[24-Oct-2023 07:55:31 UTC] PHP Warning:  Une erreur imprévue est survenue. Il pourrait y avoir un problème avec WordPress.org ou la configuration de ce serveur. Si vous continuez à rencontrer ce problème, veuillez vous rendre sur les <a href="https://wpfr.net/support">forums de support</a>. (WordPress n’a pas pu établir de connexion sécurisée vers WordPress.org. Veuillez contacter l’administrateur ou l’administratrice de votre serveur.) in /Users/wonderluck/Local Sites/planty/app/public/wp-includes/update.php on line 730
[26-Oct-2023 03:41:02 UTC] PHP Warning:  Une erreur imprévue est survenue. Il pourrait y avoir un problème avec WordPress.org ou la configuration de ce serveur. Si vous continuez à rencontrer ce problème, veuillez vous rendre sur les <a href="https://wpfr.net/support">forums de support</a>. (WordPress n’a pas pu établir de connexion sécurisée vers WordPress.org. Veuillez contacter l’administrateur ou l’administratrice de votre serveur.) in /Users/wonderluck/Local Sites/planty/app/public/wp-includes/update.php on line 449
[27-Oct-2023 15:25:29 UTC] PHP Fatal error:  Uncaught Error: Call to undefined function plenty_get_page_link_by_title() in /Users/wonderluck/Local Sites/planty/app/public/wp-content/themes/blocksy-child/header.php:16
Stack trace:
#0 /Users/wonderluck/Local Sites/planty/app/public/wp-includes/template.php(785): require_once()
#1 /Users/wonderluck/Local Sites/planty/app/public/wp-includes/template.php(720): load_template('/Users/wonderlu...', true, Array)
#2 /Users/wonderluck/Local Sites/planty/app/public/wp-includes/general-template.php(48): locate_template(Array, true, true, Array)
#3 /Users/wonderluck/Local Sites/planty/app/public/wp-content/themes/blocksy/single.php(10): get_header()
#4 /Users/wonderluck/Local Sites/planty/app/public/wp-includes/template.php(787): require('/Users/wonderlu...')
#5 /Users/wonderluck/Local Sites/planty/app/public/wp-includes/template.php(720): load_template('/Users/wonderlu...', false, Array)
#6 /Users/wonderluck/Local Sites/planty/app/public/wp-includes/general-template.php(206): locate_template(Array, true, false, Array)
#7 /Users/wonderluck/Local Sites/planty/app/public/wp-content/themes/blocksy/page.php(15): get_template_part('single')
#8 /Users/wonderluck/Local Sites/planty/app/public/wp-includes/template-loader.php(106): include('/Users/wonderlu...')
#9 /Users/wonderluck/Local Sites/planty/app/public/wp-blog-header.php(19): require_once('/Users/wonderlu...')
#10 /Users/wonderluck/Local Sites/planty/app/public/index.php(17): require('/Users/wonderlu...')
#11 {main}
  thrown in /Users/wonderluck/Local Sites/planty/app/public/wp-content/themes/blocksy-child/header.php on line 16
[27-Oct-2023 15:29:58 UTC] PHP Fatal error:  Uncaught Error: Call to undefined function plenty_get_page_link_by_title() in /Users/wonderluck/Local Sites/planty/app/public/wp-content/themes/blocksy-child/header.php:16
Stack trace:
#0 /Users/wonderluck/Local Sites/planty/app/public/wp-includes/template.php(785): require_once()
#1 /Users/wonderluck/Local Sites/planty/app/public/wp-includes/template.php(720): load_template('/Users/wonderlu...', true, Array)
#2 /Users/wonderluck/Local Sites/planty/app/public/wp-includes/general-template.php(48): locate_template(Array, true, true, Array)
#3 /Users/wonderluck/Local Sites/planty/app/public/wp-content/themes/blocksy/single.php(10): get_header()
#4 /Users/wonderluck/Local Sites/planty/app/public/wp-includes/template.php(787): require('/Users/wonderlu...')
#5 /Users/wonderluck/Local Sites/planty/app/public/wp-includes/template.php(720): load_template('/Users/wonderlu...', false, Array)
#6 /Users/wonderluck/Local Sites/planty/app/public/wp-includes/general-template.php(206): locate_template(Array, true, false, Array)
#7 /Users/wonderluck/Local Sites/planty/app/public/wp-content/themes/blocksy/page.php(15): get_template_part('single')
#8 /Users/wonderluck/Local Sites/planty/app/public/wp-includes/template-loader.php(106): include('/Users/wonderlu...')
#9 /Users/wonderluck/Local Sites/planty/app/public/wp-blog-header.php(19): require_once('/Users/wonderlu...')
#10 /Users/wonderluck/Local Sites/planty/app/public/index.php(17): require('/Users/wonderlu...')
#11 {main}
  thrown in /Users/wonderluck/Local Sites/planty/app/public/wp-content/themes/blocksy-child/header.php on line 16
[31-Oct-2023 00:49:48 UTC] PHP Warning:  Une erreur imprévue est survenue. Il pourrait y avoir un problème avec WordPress.org ou la configuration de ce serveur. Si vous continuez à rencontrer ce problème, veuillez vous rendre sur les <a href="https://wpfr.net/support">forums de support</a>. (WordPress n’a pas pu établir de connexion sécurisée vers WordPress.org. Veuillez contacter l’administrateur ou l’administratrice de votre serveur.) in /Users/wonderluck/Local Sites/planty/app/public/wp-includes/update.php on line 211
[31-Oct-2023 00:49:48 UTC] PHP Warning:  Une erreur imprévue est survenue. Il pourrait y avoir un problème avec WordPress.org ou la configuration de ce serveur. Si vous continuez à rencontrer ce problème, veuillez vous rendre sur les <a href="https://wpfr.net/support">forums de support</a>. (WordPress n’a pas pu établir de connexion sécurisée vers WordPress.org. Veuillez contacter l’administrateur ou l’administratrice de votre serveur.) in /Users/wonderluck/Local Sites/planty/app/public/wp-includes/update.php on line 449
[31-Oct-2023 00:49:48 UTC] PHP Warning:  Une erreur imprévue est survenue. Il pourrait y avoir un problème avec WordPress.org ou la configuration de ce serveur. Si vous continuez à rencontrer ce problème, veuillez vous rendre sur les <a href="https://wpfr.net/support">forums de support</a>. (WordPress n’a pas pu établir de connexion sécurisée vers WordPress.org. Veuillez contacter l’administrateur ou l’administratrice de votre serveur.) in /Users/wonderluck/Local Sites/planty/app/public/wp-includes/update.php on line 730
[31-Oct-2023 00:49:48 UTC] PHP Warning:  Une erreur imprévue est survenue. Il pourrait y avoir un problème avec WordPress.org ou la configuration de ce serveur. Si vous continuez à rencontrer ce problème, veuillez vous rendre sur les <a href="https://wpfr.net/support">forums de support</a>. (WordPress n’a pas pu établir de connexion sécurisée vers WordPress.org. Veuillez contacter l’administrateur ou l’administratrice de votre serveur.) in /Users/wonderluck/Local Sites/planty/app/public/wp-admin/includes/update.php on line 154
